<?xml version="1.0" encoding="UTF-8"?>
<!-- Generated by org.testng.reporters.JUnitReportReporter -->
<testsuite hostname="surface" failures="0" tests="4" name="vm.AppTest" time="0.035" errors="0" timestamp="2022-09-24T18:57:08 IST" skipped="0">
  <testcase classname="vm.AppTest" name="InValidUserAndPassword" time="0.025"/>
  <system-out/>
  <testcase classname="vm.AppTest" name="ValidUserAndPassword" time="0.003"/>
  <system-out/>
  <testcase classname="vm.AppTest" name="ValidUserAndInValidPasswordTest" time="0.004"/>
  <system-out/>
  <testcase classname="vm.AppTest" name="InValidUserAndValidPasswordTest" time="0.003"/>
  <system-out/>
</testsuite> <!-- vm.AppTest -->
